1539653719066	geckodriver	INFO	geckodriver 0.21.0
1539653719072	geckodriver	INFO	Listening on 127.0.0.1:58557
1539653720086	mozrunner::runner	INFO	Running command: "/Applications/Firefox.app/Contents/MacOS/firefox-bin" "-marionette" "headless" "-foreground" "-no-remote" "-profile" "/var/folders/bh/hq334_854q13ys6qxz8s0r7h0000gn/T/rust_mozprofile.LmO5PsBEhfdB"
2018-10-16 09:35:21.520 plugin-container[50507:1674214] *** CFMessagePort: bootstrap_register(): failed 1100 (0x44c) 'Permission denied', port = 0x7c3f, name = 'com.apple.tsm.portname'
See /usr/include/servers/bootstrap_defs.h for the error codes.
2018-10-16 09:35:21.785 plugin-container[50508:1674240] *** CFMessagePort: bootstrap_register(): failed 1100 (0x44c) 'Permission denied', port = 0x7003, name = 'com.apple.tsm.portname'
See /usr/include/servers/bootstrap_defs.h for the error codes.
1539653722153	Marionette	INFO	Listening on port 58572
1539653722227	Marionette	WARN	TLS certificate errors will be ignored for this session
1539653722269	Marionette	DEBUG	[4294967297] Frame script loaded
1539653722279	Marionette	DEBUG	[4294967297] Frame script registered
2018-10-16 09:35:22.611 plugin-container[50509:1674355] *** CFMessagePort: bootstrap_register(): failed 1100 (0x44c) 'Permission denied', port = 0x8b43, name = 'com.apple.tsm.portname'
See /usr/include/servers/bootstrap_defs.h for the error codes.
1539653758879	geckodriver	INFO	geckodriver 0.21.0
1539653758885	geckodriver	INFO	Listening on 127.0.0.1:58760
1539653759899	mozrunner::runner	INFO	Running command: "/Applications/Firefox.app/Contents/MacOS/firefox-bin" "-marionette" "headless" "-foreground" "-no-remote" "-profile" "/var/folders/bh/hq334_854q13ys6qxz8s0r7h0000gn/T/rust_mozprofile.qQQGiu48EUIn"
2018-10-16 09:36:01.271 plugin-container[50625:1675223] *** CFMessagePort: bootstrap_register(): failed 1100 (0x44c) 'Permission denied', port = 0x833f, name = 'com.apple.tsm.portname'
See /usr/include/servers/bootstrap_defs.h for the error codes.
2018-10-16 09:36:01.565 plugin-container[50626:1675249] *** CFMessagePort: bootstrap_register(): failed 1100 (0x44c) 'Permission denied', port = 0x8303, name = 'com.apple.tsm.portname'
See /usr/include/servers/bootstrap_defs.h for the error codes.
1539653761838	Marionette	INFO	Listening on port 58775
1539653761942	Marionette	WARN	TLS certificate errors will be ignored for this session
1539653761985	Marionette	DEBUG	[4294967297] Frame script loaded
1539653761986	Marionette	DEBUG	[4294967297] Frame script registered
2018-10-16 09:36:02.420 plugin-container[50627:1675371] *** CFMessagePort: bootstrap_register(): failed 1100 (0x44c) 'Permission denied', port = 0x8f3f, name = 'com.apple.tsm.portname'
See /usr/include/servers/bootstrap_defs.h for the error codes.
1539653872021	geckodriver	INFO	geckodriver 0.21.0
1539653872028	geckodriver	INFO	Listening on 127.0.0.1:59273
1539653873041	mozrunner::runner	INFO	Running command: "/Applications/Firefox.app/Contents/MacOS/firefox-bin" "-marionette" "headless" "-foreground" "-no-remote" "-profile" "/var/folders/bh/hq334_854q13ys6qxz8s0r7h0000gn/T/rust_mozprofile.VsN1z72HsO7r"
2018-10-16 09:37:54.478 plugin-container[50791:1677309] *** CFMessagePort: bootstrap_register(): failed 1100 (0x44c) 'Permission denied', port = 0x813b, name = 'com.apple.tsm.portname'
See /usr/include/servers/bootstrap_defs.h for the error codes.
2018-10-16 09:37:54.767 plugin-container[50792:1677336] *** CFMessagePort: bootstrap_register(): failed 1100 (0x44c) 'Permission denied', port = 0x770b, name = 'com.apple.tsm.portname'
See /usr/include/servers/bootstrap_defs.h for the error codes.
1539653875090	Marionette	INFO	Listening on port 59288
1539653875112	Marionette	WARN	TLS certificate errors will be ignored for this session
1539653875156	Marionette	DEBUG	[4294967297] Frame script loaded
1539653875164	Marionette	DEBUG	[4294967297] Frame script registered
2018-10-16 09:37:55.577 plugin-container[50793:1677449] *** CFMessagePort: bootstrap_register(): failed 1100 (0x44c) 'Permission denied', port = 0x8d07, name = 'com.apple.tsm.portname'
See /usr/include/servers/bootstrap_defs.h for the error codes.
1539653902190	geckodriver	INFO	geckodriver 0.21.0
1539653902199	geckodriver	INFO	Listening on 127.0.0.1:59439
1539653903211	mozrunner::runner	INFO	Running command: "/Applications/Firefox.app/Contents/MacOS/firefox-bin" "-marionette" "headless" "-foreground" "-no-remote" "-profile" "/var/folders/bh/hq334_854q13ys6qxz8s0r7h0000gn/T/rust_mozprofile.ZtJgtMpX9pDW"
2018-10-16 09:38:24.655 plugin-container[50815:1677986] *** CFMessagePort: bootstrap_register(): failed 1100 (0x44c) 'Permission denied', port = 0x7603, name = 'com.apple.tsm.portname'
See /usr/include/servers/bootstrap_defs.h for the error codes.
2018-10-16 09:38:24.953 plugin-container[50816:1678011] *** CFMessagePort: bootstrap_register(): failed 1100 (0x44c) 'Permission denied', port = 0x850b, name = 'com.apple.tsm.portname'
See /usr/include/servers/bootstrap_defs.h for the error codes.
1539653905314	Marionette	INFO	Listening on port 59454
1539653905378	Marionette	WARN	TLS certificate errors will be ignored for this session
1539653905418	Marionette	DEBUG	[4294967297] Frame script loaded
1539653905420	Marionette	DEBUG	[4294967297] Frame script registered
2018-10-16 09:38:25.792 plugin-container[50817:1678136] *** CFMessagePort: bootstrap_register(): failed 1100 (0x44c) 'Permission denied', port = 0x7507, name = 'com.apple.tsm.portname'
See /usr/include/servers/bootstrap_defs.h for the error codes.
1539653912343	Marionette	INFO	Stopped listening on port 58775
1539653914061	Marionette	INFO	Stopped listening on port 59288
1539653915921	Marionette	INFO	Stopped listening on port 59454
1539653918423	Marionette	INFO	Stopped listening on port 58572
1539654259426	geckodriver	INFO	geckodriver 0.21.0
1539654259433	geckodriver	INFO	Listening on 127.0.0.1:60961
1539654260445	mozrunner::runner	INFO	Running command: "/Applications/Firefox.app/Contents/MacOS/firefox-bin" "-marionette" "-foreground" "-no-remote" "-profile" "/var/folders/bh/hq334_854q13ys6qxz8s0r7h0000gn/T/rust_mozprofile.Ny9evxlBbDc1"
2018-10-16 09:44:21.816 plugin-container[51073:1682440] *** CFMessagePort: bootstrap_register(): failed 1100 (0x44c) 'Permission denied', port = 0x8703, name = 'com.apple.tsm.portname'
See /usr/include/servers/bootstrap_defs.h for the error codes.
2018-10-16 09:44:22.078 plugin-container[51074:1682470] *** CFMessagePort: bootstrap_register(): failed 1100 (0x44c) 'Permission denied', port = 0x813b, name = 'com.apple.tsm.portname'
See /usr/include/servers/bootstrap_defs.h for the error codes.
1539654262364	Marionette	INFO	Listening on port 60979
1539654262435	Marionette	WARN	TLS certificate errors will be ignored for this session
1539654262478	Marionette	DEBUG	[4294967297] Frame script loaded
1539654262480	Marionette	DEBUG	[4294967297] Frame script registered
1539654262500	Marionette	DEBUG	[4294967297] Received DOM event beforeunload for about:blank
1539654262676	Marionette	DEBUG	[4294967297] Received DOM event pagehide for about:blank
2018-10-16 09:44:22.904 plugin-container[51075:1682587] *** CFMessagePort: bootstrap_register(): failed 1100 (0x44c) 'Permission denied', port = 0x783f, name = 'com.apple.tsm.portname'
See /usr/include/servers/bootstrap_defs.h for the error codes.
JavaScript error: https://ss1.bdstatic.com/5eN1bjq8AAUYm2zgoY3K/r/www/cache/static/protocol/https/plugins/every_cookie_mac_82990d4.js, line 4: ReferenceError: c is not defined
1539654263050	Marionette	DEBUG	[4294967297] Received DOM event DOMContentLoaded for https://www.baidu.com/
1539654263141	Marionette	DEBUG	[4294967297] Received DOM event pageshow for https://www.baidu.com/
1539654317394	geckodriver	INFO	geckodriver 0.21.0
1539654317400	geckodriver	INFO	Listening on 127.0.0.1:61311
1539654318412	mozrunner::runner	INFO	Running command: "/Applications/Firefox.app/Contents/MacOS/firefox-bin" "-marionette" "-foreground" "-no-remote" "-profile" "/var/folders/bh/hq334_854q13ys6qxz8s0r7h0000gn/T/rust_mozprofile.iARKR1fn9UFu"
2018-10-16 09:45:19.950 plugin-container[51096:1683545] *** CFMessagePort: bootstrap_register(): failed 1100 (0x44c) 'Permission denied', port = 0x7843, name = 'com.apple.tsm.portname'
See /usr/include/servers/bootstrap_defs.h for the error codes.
2018-10-16 09:45:20.157 plugin-container[51097:1683580] *** CFMessagePort: bootstrap_register(): failed 1100 (0x44c) 'Permission denied', port = 0x7c03, name = 'com.apple.tsm.portname'
See /usr/include/servers/bootstrap_defs.h for the error codes.
1539654320552	Marionette	INFO	Listening on port 61327
1539654320572	Marionette	WARN	TLS certificate errors will be ignored for this session
1539654320618	Marionette	DEBUG	[4294967297] Frame script loaded
1539654320619	Marionette	DEBUG	[4294967297] Frame script registered
1539654320679	Marionette	DEBUG	[4294967297] Received DOM event beforeunload for about:blank
1539654320880	Marionette	DEBUG	[4294967297] Received DOM event pagehide for about:blank
2018-10-16 09:45:21.067 plugin-container[51099:1683707] *** CFMessagePort: bootstrap_register(): failed 1100 (0x44c) 'Permission denied', port = 0x8543, name = 'com.apple.tsm.portname'
See /usr/include/servers/bootstrap_defs.h for the error codes.
JavaScript error: https://ss1.bdstatic.com/5eN1bjq8AAUYm2zgoY3K/r/www/cache/static/protocol/https/plugins/every_cookie_mac_82990d4.js, line 4: ReferenceError: c is not defined
1539654321311	Marionette	DEBUG	[4294967297] Received DOM event DOMContentLoaded for https://www.baidu.com/
1539654321379	Marionette	DEBUG	[4294967297] Received DOM event pageshow for https://www.baidu.com/
1539654346080	Marionette	INFO	Stopped listening on port 60979
1539654363775	Marionette	INFO	Stopped listening on port 61327
1539654420787	geckodriver	INFO	geckodriver 0.21.0
1539654420794	geckodriver	INFO	Listening on 127.0.0.1:61791
1539654421809	mozrunner::runner	INFO	Running command: "/Applications/Firefox.app/Contents/MacOS/firefox-bin" "-marionette" "-foreground" "-no-remote" "-profile" "/var/folders/bh/hq334_854q13ys6qxz8s0r7h0000gn/T/rust_mozprofile.N87bb7kJUE7c"
2018-10-16 09:47:03.277 plugin-container[51129:1685734] *** CFMessagePort: bootstrap_register(): failed 1100 (0x44c) 'Permission denied', port = 0x7c03, name = 'com.apple.tsm.portname'
See /usr/include/servers/bootstrap_defs.h for the error codes.
2018-10-16 09:47:03.471 plugin-container[51130:1685761] *** CFMessagePort: bootstrap_register(): failed 1100 (0x44c) 'Permission denied', port = 0x813f, name = 'com.apple.tsm.portname'
See /usr/include/servers/bootstrap_defs.h for the error codes.
1539654423836	Marionette	INFO	Listening on port 61806
1539654423874	Marionette	WARN	TLS certificate errors will be ignored for this session
1539654423918	Marionette	DEBUG	[4294967297] Frame script loaded
1539654423920	Marionette	DEBUG	[4294967297] Frame script registered
1539654423965	Marionette	DEBUG	[4294967297] Received DOM event beforeunload for about:blank
1539654424173	Marionette	DEBUG	[4294967297] Received DOM event pagehide for about:blank
2018-10-16 09:47:04.397 plugin-container[51131:1685902] *** CFMessagePort: bootstrap_register(): failed 1100 (0x44c) 'Permission denied', port = 0x8843, name = 'com.apple.tsm.portname'
See /usr/include/servers/bootstrap_defs.h for the error codes.
JavaScript error: https://ss1.bdstatic.com/5eN1bjq8AAUYm2zgoY3K/r/www/cache/static/protocol/https/plugins/every_cookie_mac_82990d4.js, line 4: ReferenceError: c is not defined
1539654424560	Marionette	DEBUG	[4294967297] Received DOM event DOMContentLoaded for https://www.baidu.com/
1539654424620	Marionette	DEBUG	[4294967297] Received DOM event pageshow for https://www.baidu.com/
console.warn: LoginRecipes: getRecipes: falling back to a synchronous message for: https://www.baidu.com
1539654525586	geckodriver	INFO	geckodriver 0.21.0
1539654525593	geckodriver	INFO	Listening on 127.0.0.1:62265
1539654526610	mozrunner::runner	INFO	Running command: "/Applications/Firefox.app/Contents/MacOS/firefox-bin" "-marionette" "-foreground" "-no-remote" "-profile" "/var/folders/bh/hq334_854q13ys6qxz8s0r7h0000gn/T/rust_mozprofile.JckAtRLuOwYj"
2018-10-16 09:48:48.057 plugin-container[51180:1687831] *** CFMessagePort: bootstrap_register(): failed 1100 (0x44c) 'Permission denied', port = 0x7b3f, name = 'com.apple.tsm.portname'
See /usr/include/servers/bootstrap_defs.h for the error codes.
2018-10-16 09:48:48.239 plugin-container[51181:1687858] *** CFMessagePort: bootstrap_register(): failed 1100 (0x44c) 'Permission denied', port = 0x8b03, name = 'com.apple.tsm.portname'
See /usr/include/servers/bootstrap_defs.h for the error codes.
1539654528560	Marionette	INFO	Listening on port 62280
1539654528572	Marionette	WARN	TLS certificate errors will be ignored for this session
1539654528616	Marionette	DEBUG	[4294967297] Frame script loaded
1539654528623	Marionette	DEBUG	[4294967297] Frame script registered
1539654528652	Marionette	DEBUG	[4294967297] Received DOM event beforeunload for about:blank
1539654528897	Marionette	DEBUG	[4294967297] Received DOM event pagehide for about:blank
2018-10-16 09:48:49.137 plugin-container[51183:1687992] *** CFMessagePort: bootstrap_register(): failed 1100 (0x44c) 'Permission denied', port = 0x7d43, name = 'com.apple.tsm.portname'
See /usr/include/servers/bootstrap_defs.h for the error codes.
JavaScript error: https://ss1.bdstatic.com/5eN1bjq8AAUYm2zgoY3K/r/www/cache/static/protocol/https/plugins/every_cookie_mac_82990d4.js, line 4: ReferenceError: c is not defined
1539654529281	Marionette	DEBUG	[4294967297] Received DOM event DOMContentLoaded for https://www.baidu.com/
1539654529389	Marionette	DEBUG	[4294967297] Received DOM event pageshow for https://www.baidu.com/
1539654577660	geckodriver	INFO	geckodriver 0.21.0
1539654577666	geckodriver	INFO	Listening on 127.0.0.1:62540
1539654578679	mozrunner::runner	INFO	Running command: "/Applications/Firefox.app/Contents/MacOS/firefox-bin" "-marionette" "-foreground" "-no-remote" "-profile" "/var/folders/bh/hq334_854q13ys6qxz8s0r7h0000gn/T/rust_mozprofile.E0dSOdWOBD7e"
2018-10-16 09:49:40.188 plugin-container[51209:1688865] *** CFMessagePort: bootstrap_register(): failed 1100 (0x44c) 'Permission denied', port = 0x773f, name = 'com.apple.tsm.portname'
See /usr/include/servers/bootstrap_defs.h for the error codes.
2018-10-16 09:49:40.429 plugin-container[51210:1688897] *** CFMessagePort: bootstrap_register(): failed 1100 (0x44c) 'Permission denied', port = 0x873f, name = 'com.apple.tsm.portname'
See /usr/include/servers/bootstrap_defs.h for the error codes.
1539654580755	Marionette	INFO	Listening on port 62555
1539654580839	Marionette	WARN	TLS certificate errors will be ignored for this session
1539654580880	Marionette	DEBUG	[4294967297] Frame script loaded
1539654580893	Marionette	DEBUG	[4294967297] Frame script registered
1539654580912	Marionette	DEBUG	[4294967297] Received DOM event beforeunload for about:blank
1539654581128	Marionette	DEBUG	[4294967297] Received DOM event pagehide for about:blank
2018-10-16 09:49:41.342 plugin-container[51212:1689037] *** CFMessagePort: bootstrap_register(): failed 1100 (0x44c) 'Permission denied', port = 0x753f, name = 'com.apple.tsm.portname'
See /usr/include/servers/bootstrap_defs.h for the error codes.
JavaScript error: https://ss1.bdstatic.com/5eN1bjq8AAUYm2zgoY3K/r/www/cache/static/protocol/https/plugins/every_cookie_mac_82990d4.js, line 4: ReferenceError: c is not defined
1539654581525	Marionette	DEBUG	[4294967297] Received DOM event DOMContentLoaded for https://www.baidu.com/
1539654581586	Marionette	DEBUG	[4294967297] Received DOM event pageshow for https://www.baidu.com/
JavaScript error: https://sp0.baidu.com/5a1Fazu8AA54nxGko9WTAnF6hhy/su?wd=p&json=1&p=3&sid=1443_21125_22158&csor=1&cb=jQuery1102024820942905793386_1539654581407&_=1539654581409, line 1: TypeError: jQuery1102024820942905793386_1539654581407 is not a function
JavaScript error: https://sp0.baidu.com/5a1Fazu8AA54nxGko9WTAnF6hhy/su?wd=pyt&json=1&p=3&sid=1443_21125_22158&csor=3&pwd=py&cb=jQuery1102024820942905793386_1539654581407&_=1539654581411, line 1: TypeError: jQuery1102024820942905793386_1539654581407 is not a function
JavaScript error: https://sp0.baidu.com/5a1Fazu8AA54nxGko9WTAnF6hhy/su?wd=python&json=1&p=3&sid=1443_21125_22158&csor=6&pwd=pytho&cb=jQuery1102024820942905793386_1539654581407&_=1539654581414, line 1: TypeError: jQuery1102024820942905793386_1539654581407 is not a function
JavaScript error: https://sp0.baidu.com/5a1Fazu8AA54nxGko9WTAnF6hhy/su?wd=pyth&json=1&p=3&sid=1443_21125_22158&csor=4&pwd=pyt&cb=jQuery1102024820942905793386_1539654581407&_=1539654581412, line 1: TypeError: jQuery1102024820942905793386_1539654581407 is not a function
1539654581888	Marionette	DEBUG	[4294967297] Canceled page load listener because no navigation has been detected
1539654596488	Marionette	INFO	Stopped listening on port 61806
1539654598177	Marionette	INFO	Stopped listening on port 62280
2018-10-16 09:49:59.684 plugin-container[51216:1689491] *** CFMessagePort: bootstrap_register(): failed 1100 (0x44c) 'Permission denied', port = 0x7143, name = 'com.apple.tsm.portname'
See /usr/include/servers/bootstrap_defs.h for the error codes.
1539654606252	geckodriver	INFO	geckodriver 0.21.0
1539654606259	geckodriver	INFO	Listening on 127.0.0.1:62735
1539654607273	mozrunner::runner	INFO	Running command: "/Applications/Firefox.app/Contents/MacOS/firefox-bin" "-marionette" "-foreground" "-no-remote" "-profile" "/var/folders/bh/hq334_854q13ys6qxz8s0r7h0000gn/T/rust_mozprofile.76kgFmC4aZyo"
2018-10-16 09:50:08.655 plugin-container[51225:1689795] *** CFMessagePort: bootstrap_register(): failed 1100 (0x44c) 'Permission denied', port = 0x8603, name = 'com.apple.tsm.portname'
See /usr/include/servers/bootstrap_defs.h for the error codes.
2018-10-16 09:50:08.914 plugin-container[51226:1689821] *** CFMessagePort: bootstrap_register(): failed 1100 (0x44c) 'Permission denied', port = 0x810b, name = 'com.apple.tsm.portname'
See /usr/include/servers/bootstrap_defs.h for the error codes.
1539654609237	Marionette	INFO	Listening on port 62750
1539654609326	Marionette	WARN	TLS certificate errors will be ignored for this session
1539654609363	Marionette	DEBUG	[4294967297] Frame script loaded
1539654609364	Marionette	DEBUG	[4294967297] Frame script registered
1539654609405	Marionette	DEBUG	[4294967297] Received DOM event beforeunload for about:blank
1539654609618	Marionette	DEBUG	[4294967297] Received DOM event pagehide for about:blank
2018-10-16 09:50:09.792 plugin-container[51227:1689937] *** CFMessagePort: bootstrap_register(): failed 1100 (0x44c) 'Permission denied', port = 0x773f, name = 'com.apple.tsm.portname'
See /usr/include/servers/bootstrap_defs.h for the error codes.
JavaScript error: https://ss1.bdstatic.com/5eN1bjq8AAUYm2zgoY3K/r/www/cache/static/protocol/https/plugins/every_cookie_mac_82990d4.js, line 4: ReferenceError: c is not defined
1539654610024	Marionette	DEBUG	[4294967297] Received DOM event DOMContentLoaded for https://www.baidu.com/
1539654610087	Marionette	DEBUG	[4294967297] Received DOM event pageshow for https://www.baidu.com/
JavaScript error: https://sp0.baidu.com/5a1Fazu8AA54nxGko9WTAnF6hhy/su?wd=pytho&json=1&p=3&sid=1443_21095_26350&csor=5&pwd=pyth&cb=jQuery11020867221511178612_1539654609817&_=1539654609823, line 1: TypeError: jQuery11020867221511178612_1539654609817 is not a function
JavaScript error: https://sp0.baidu.com/5a1Fazu8AA54nxGko9WTAnF6hhy/su?wd=pyth&json=1&p=3&sid=1443_21095_26350&csor=4&pwd=pyt&cb=jQuery11020867221511178612_1539654609817&_=1539654609822, line 1: TypeError: jQuery11020867221511178612_1539654609817 is not a function
JavaScript error: https://sp0.baidu.com/5a1Fazu8AA54nxGko9WTAnF6hhy/su?wd=python&json=1&p=3&sid=1443_21095_26350&csor=6&pwd=pytho&cb=jQuery11020867221511178612_1539654609817&_=1539654609824, line 1: TypeError: jQuery11020867221511178612_1539654609817 is not a function
1539654610411	Marionette	DEBUG	[4294967297] Canceled page load listener because no navigation has been detected
1539654771054	geckodriver	INFO	geckodriver 0.21.0
1539654771061	geckodriver	INFO	Listening on 127.0.0.1:63474
1539654772072	mozrunner::runner	INFO	Running command: "/Applications/Firefox.app/Contents/MacOS/firefox-bin" "-marionette" "-foreground" "-no-remote" "-profile" "/var/folders/bh/hq334_854q13ys6qxz8s0r7h0000gn/T/rust_mozprofile.3xXqZt8PodAK"
2018-10-16 09:52:53.436 plugin-container[51295:1692656] *** CFMessagePort: bootstrap_register(): failed 1100 (0x44c) 'Permission denied', port = 0x8003, name = 'com.apple.tsm.portname'
See /usr/include/servers/bootstrap_defs.h for the error codes.
2018-10-16 09:52:53.686 plugin-container[51296:1692682] *** CFMessagePort: bootstrap_register(): failed 1100 (0x44c) 'Permission denied', port = 0x853f, name = 'com.apple.tsm.portname'
See /usr/include/servers/bootstrap_defs.h for the error codes.
1539654773984	Marionette	INFO	Listening on port 63489
1539654774028	Marionette	WARN	TLS certificate errors will be ignored for this session
1539654774071	Marionette	DEBUG	[4294967297] Frame script loaded
1539654774079	Marionette	DEBUG	[4294967297] Frame script registered
1539654774120	Marionette	DEBUG	[4294967297] Received DOM event beforeunload for about:blank
1539654774337	Marionette	DEBUG	[4294967297] Received DOM event pagehide for about:blank
2018-10-16 09:52:54.515 plugin-container[51297:1692797] *** CFMessagePort: bootstrap_register(): failed 1100 (0x44c) 'Permission denied', port = 0x8d3f, name = 'com.apple.tsm.portname'
See /usr/include/servers/bootstrap_defs.h for the error codes.
JavaScript error: https://ss1.bdstatic.com/5eN1bjq8AAUYm2zgoY3K/r/www/cache/static/protocol/https/plugins/every_cookie_mac_82990d4.js, line 4: ReferenceError: c is not defined
1539654774694	Marionette	DEBUG	[4294967297] Received DOM event DOMContentLoaded for https://www.baidu.com/
1539654774788	Marionette	DEBUG	[4294967297] Received DOM event pageshow for https://www.baidu.com/
JavaScript error: https://sp0.baidu.com/5a1Fazu8AA54nxGko9WTAnF6hhy/su?wd=p&json=1&p=3&sid=1431_21083_26350_20927&csor=1&cb=jQuery1102044573310377581044_1539654774570&_=1539654774572, line 1: TypeError: jQuery1102044573310377581044_1539654774570 is not a function
JavaScript error: https://sp0.baidu.com/5a1Fazu8AA54nxGko9WTAnF6hhy/su?wd=pyt&json=1&p=3&sid=1431_21083_26350_20927&csor=3&pwd=py&cb=jQuery1102044573310377581044_1539654774570&_=1539654774574, line 1: TypeError: jQuery1102044573310377581044_1539654774570 is not a function
JavaScript error: https://sp0.baidu.com/5a1Fazu8AA54nxGko9WTAnF6hhy/su?wd=pytho&json=1&p=3&sid=1431_21083_26350_20927&csor=5&pwd=pyth&cb=jQuery1102044573310377581044_1539654774570&_=1539654774576, line 1: TypeError: jQuery1102044573310377581044_1539654774570 is not a function
JavaScript error: https://sp0.baidu.com/5a1Fazu8AA54nxGko9WTAnF6hhy/su?wd=python&json=1&p=3&sid=1431_21083_26350_20927&csor=6&pwd=pytho&cb=jQuery1102044573310377581044_1539654774570&_=1539654774577, line 1: TypeError: jQuery1102044573310377581044_1539654774570 is not a function
1539654775093	Marionette	DEBUG	[4294967297] Canceled page load listener because no navigation has been detected
1539654805384	geckodriver	INFO	geckodriver 0.21.0
1539654805390	geckodriver	INFO	Listening on 127.0.0.1:63680
1539654806407	mozrunner::runner	INFO	Running command: "/Applications/Firefox.app/Contents/MacOS/firefox-bin" "-marionette" "-foreground" "-no-remote" "-profile" "/var/folders/bh/hq334_854q13ys6qxz8s0r7h0000gn/T/rust_mozprofile.JccuSOVnTVY3"
2018-10-16 09:53:27.815 plugin-container[51312:1693401] *** CFMessagePort: bootstrap_register(): failed 1100 (0x44c) 'Permission denied', port = 0x8243, name = 'com.apple.tsm.portname'
See /usr/include/servers/bootstrap_defs.h for the error codes.
2018-10-16 09:53:28.092 plugin-container[51313:1693426] *** CFMessagePort: bootstrap_register(): failed 1100 (0x44c) 'Permission denied', port = 0x7103, name = 'com.apple.tsm.portname'
See /usr/include/servers/bootstrap_defs.h for the error codes.
1539654808430	Marionette	INFO	Listening on port 63695
1539654808477	Marionette	WARN	TLS certificate errors will be ignored for this session
1539654808525	Marionette	DEBUG	[4294967297] Frame script loaded
1539654808531	Marionette	DEBUG	[4294967297] Frame script registered
1539654808562	Marionette	DEBUG	[4294967297] Received DOM event beforeunload for about:blank
1539654808786	Marionette	DEBUG	[4294967297] Received DOM event pagehide for about:blank
2018-10-16 09:53:29.073 plugin-container[51315:1693547] *** CFMessagePort: bootstrap_register(): failed 1100 (0x44c) 'Permission denied', port = 0x7603, name = 'com.apple.tsm.portname'
See /usr/include/servers/bootstrap_defs.h for the error codes.
JavaScript error: https://ss1.bdstatic.com/5eN1bjq8AAUYm2zgoY3K/r/www/cache/static/protocol/https/plugins/every_cookie_mac_82990d4.js, line 4: ReferenceError: c is not defined
1539654809172	Marionette	DEBUG	[4294967297] Received DOM event DOMContentLoaded for https://www.baidu.com/
1539654809258	Marionette	DEBUG	[4294967297] Received DOM event pageshow for https://www.baidu.com/
JavaScript error: https://sp0.baidu.com/5a1Fazu8AA54nxGko9WTAnF6hhy/su?wd=p&json=1&p=3&sid=26525_1444_21087_18559&csor=1&cb=jQuery110208833986890478027_1539654809065&_=1539654809067, line 1: TypeError: jQuery110208833986890478027_1539654809065 is not a function
JavaScript error: https://sp0.baidu.com/5a1Fazu8AA54nxGko9WTAnF6hhy/su?wd=py&json=1&p=3&sid=26525_1444_21087_18559&csor=2&pwd=p&cb=jQuery110208833986890478027_1539654809065&_=1539654809068, line 1: TypeError: jQuery110208833986890478027_1539654809065 is not a function
JavaScript error: https://sp0.baidu.com/5a1Fazu8AA54nxGko9WTAnF6hhy/su?wd=pytho&json=1&p=3&sid=26525_1444_21087_18559&csor=5&pwd=pyth&cb=jQuery110208833986890478027_1539654809065&_=1539654809071, line 1: TypeError: jQuery110208833986890478027_1539654809065 is not a function
JavaScript error: https://sp0.baidu.com/5a1Fazu8AA54nxGko9WTAnF6hhy/su?wd=python&json=1&p=3&sid=26525_1444_21087_18559&csor=6&pwd=pytho&cb=jQuery110208833986890478027_1539654809065&_=1539654809072, line 1: TypeError: jQuery110208833986890478027_1539654809065 is not a function
1539654809561	Marionette	DEBUG	[4294967297] Canceled page load listener because no navigation has been detected
1539654879635	geckodriver	INFO	geckodriver 0.21.0
1539654879642	geckodriver	INFO	Listening on 127.0.0.1:64046
1539654880653	mozrunner::runner	INFO	Running command: "/Applications/Firefox.app/Contents/MacOS/firefox-bin" "-marionette" "-foreground" "-no-remote" "-profile" "/var/folders/bh/hq334_854q13ys6qxz8s0r7h0000gn/T/rust_mozprofile.PsTf2cAJWfGv"
2018-10-16 09:54:42.102 plugin-container[51340:1694698] *** CFMessagePort: bootstrap_register(): failed 1100 (0x44c) 'Permission denied', port = 0x8b43, name = 'com.apple.tsm.portname'
See /usr/include/servers/bootstrap_defs.h for the error codes.
2018-10-16 09:54:42.373 plugin-container[51341:1694725] *** CFMessagePort: bootstrap_register(): failed 1100 (0x44c) 'Permission denied', port = 0x7d0b, name = 'com.apple.tsm.portname'
See /usr/include/servers/bootstrap_defs.h for the error codes.
1539654882743	Marionette	INFO	Listening on port 64061
1539654882830	Marionette	WARN	TLS certificate errors will be ignored for this session
1539654882871	Marionette	DEBUG	[4294967297] Frame script loaded
1539654882876	Marionette	DEBUG	[4294967297] Frame script registered
1539654882902	Marionette	DEBUG	[4294967297] Received DOM event beforeunload for about:blank
1539654883107	Marionette	DEBUG	[4294967297] Received DOM event pagehide for about:blank
2018-10-16 09:54:43.251 plugin-container[51342:1694836] *** CFMessagePort: bootstrap_register(): failed 1100 (0x44c) 'Permission denied', port = 0x793f, name = 'com.apple.tsm.portname'
See /usr/include/servers/bootstrap_defs.h for the error codes.
1539654884509	Marionette	DEBUG	[4294967297] Received DOM event DOMContentLoaded for https://www.baidu.com/
1539654884875	Marionette	DEBUG	[4294967297] Received DOM event pageshow for https://www.baidu.com/
JavaScript error: https://sp0.baidu.com/5a1Fazu8AA54nxGko9WTAnF6hhy/su?wd=py&json=1&p=3&sid=1441_21107_18559_26350_20928&csor=2&pwd=p&cb=jQuery1102015981037385319286_1539654884393&_=1539654884396, line 1: TypeError: jQuery1102015981037385319286_1539654884393 is not a function
JavaScript error: https://sp0.baidu.com/5a1Fazu8AA54nxGko9WTAnF6hhy/su?wd=p&json=1&p=3&sid=1441_21107_18559_26350_20928&csor=1&cb=jQuery1102015981037385319286_1539654884393&_=1539654884395, line 1: TypeError: jQuery1102015981037385319286_1539654884393 is not a function
JavaScript error: https://sp0.baidu.com/5a1Fazu8AA54nxGko9WTAnF6hhy/su?wd=pyt&json=1&p=3&sid=1441_21107_18559_26350_20928&csor=3&pwd=py&cb=jQuery1102015981037385319286_1539654884393&_=1539654884397, line 1: TypeError: jQuery1102015981037385319286_1539654884393 is not a function
JavaScript error: https://sp0.baidu.com/5a1Fazu8AA54nxGko9WTAnF6hhy/su?wd=pytho&json=1&p=3&sid=1441_21107_18559_26350_20928&csor=5&pwd=pyth&cb=jQuery1102015981037385319286_1539654884393&_=1539654884399, line 1: TypeError: jQuery1102015981037385319286_1539654884393 is not a function
JavaScript error: https://sp0.baidu.com/5a1Fazu8AA54nxGko9WTAnF6hhy/su?wd=python&json=1&p=3&sid=1441_21107_18559_26350_20928&csor=6&pwd=pytho&cb=jQuery1102015981037385319286_1539654884393&_=1539654884400, line 1: TypeError: jQuery1102015981037385319286_1539654884393 is not a function
1539654885190	Marionette	DEBUG	[4294967297] Canceled page load listener because no navigation has been detected
1539654897330	geckodriver	INFO	geckodriver 0.21.0
1539654897337	geckodriver	INFO	Listening on 127.0.0.1:64181
1539654898351	mozrunner::runner	INFO	Running command: "/Applications/Firefox.app/Contents/MacOS/firefox-bin" "-marionette" "-foreground" "-no-remote" "-profile" "/var/folders/bh/hq334_854q13ys6qxz8s0r7h0000gn/T/rust_mozprofile.GTgpWDGFrfBc"
2018-10-16 09:54:59.785 plugin-container[51352:1695274] *** CFMessagePort: bootstrap_register(): failed 1100 (0x44c) 'Permission denied', port = 0x8103, name = 'com.apple.tsm.portname'
See /usr/include/servers/bootstrap_defs.h for the error codes.
2018-10-16 09:55:00.068 plugin-container[51353:1695301] *** CFMessagePort: bootstrap_register(): failed 1100 (0x44c) 'Permission denied', port = 0x893f, name = 'com.apple.tsm.portname'
See /usr/include/servers/bootstrap_defs.h for the error codes.
1539654900460	Marionette	INFO	Listening on port 64200
1539654900513	Marionette	WARN	TLS certificate errors will be ignored for this session
1539654900552	Marionette	DEBUG	[4294967297] Frame script loaded
1539654900555	Marionette	DEBUG	[4294967297] Frame script registered
1539654900586	Marionette	DEBUG	[4294967297] Received DOM event beforeunload for about:blank
1539654900765	Marionette	DEBUG	[4294967297] Received DOM event pagehide for about:blank
2018-10-16 09:55:00.951 plugin-container[51354:1695416] *** CFMessagePort: bootstrap_register(): failed 1100 (0x44c) 'Permission denied', port = 0x7b3f, name = 'com.apple.tsm.portname'
See /usr/include/servers/bootstrap_defs.h for the error codes.
JavaScript error: https://ss1.bdstatic.com/5eN1bjq8AAUYm2zgoY3K/r/www/cache/static/protocol/https/plugins/every_cookie_mac_82990d4.js, line 4: ReferenceError: c is not defined
1539654901125	Marionette	DEBUG	[4294967297] Received DOM event DOMContentLoaded for https://www.baidu.com/
1539654901220	Marionette	DEBUG	[4294967297] Received DOM event pageshow for https://www.baidu.com/
JavaScript error: https://sp0.baidu.com/5a1Fazu8AA54nxGko9WTAnF6hhy/su?wd=p&json=1&p=3&sid=26524_1444_21106_18559_26350_22074&csor=1&cb=jQuery110205091310079970408_1539654901007&_=1539654901009, line 1: TypeError: jQuery110205091310079970408_1539654901007 is not a function
JavaScript error: https://sp0.baidu.com/5a1Fazu8AA54nxGko9WTAnF6hhy/su?wd=py&json=1&p=3&sid=26524_1444_21106_18559_26350_22074&csor=2&pwd=p&cb=jQuery110205091310079970408_1539654901007&_=1539654901010, line 1: TypeError: jQuery110205091310079970408_1539654901007 is not a function
JavaScript error: https://sp0.baidu.com/5a1Fazu8AA54nxGko9WTAnF6hhy/su?wd=python&json=1&p=3&sid=26524_1444_21106_18559_26350_22074&csor=6&pwd=pytho&cb=jQuery110205091310079970408_1539654901007&_=1539654901014, line 1: TypeError: jQuery110205091310079970408_1539654901007 is not a function
1539654901524	Marionette	DEBUG	[4294967297] Canceled page load listener because no navigation has been detected
1539654964969	geckodriver	INFO	geckodriver 0.21.0
1539654964975	geckodriver	INFO	Listening on 127.0.0.1:64527
1539654965992	mozrunner::runner	INFO	Running command: "/Applications/Firefox.app/Contents/MacOS/firefox-bin" "-marionette" "-foreground" "-no-remote" "-profile" "/var/folders/bh/hq334_854q13ys6qxz8s0r7h0000gn/T/rust_mozprofile.BOOr0xV40BYX"
2018-10-16 09:56:07.469 plugin-container[51384:1696329] *** CFMessagePort: bootstrap_register(): failed 1100 (0x44c) 'Permission denied', port = 0x8243, name = 'com.apple.tsm.portname'
See /usr/include/servers/bootstrap_defs.h for the error codes.
2018-10-16 09:56:07.777 plugin-container[51385:1696354] *** CFMessagePort: bootstrap_register(): failed 1100 (0x44c) 'Permission denied', port = 0x7543, name = 'com.apple.tsm.portname'
See /usr/include/servers/bootstrap_defs.h for the error codes.
1539654968113	Marionette	INFO	Listening on port 64542
1539654968147	Marionette	WARN	TLS certificate errors will be ignored for this session
1539654968189	Marionette	DEBUG	[4294967297] Frame script loaded
1539654968191	Marionette	DEBUG	[4294967297] Frame script registered
1539654968213	Marionette	DEBUG	[4294967297] Received DOM event beforeunload for about:blank
1539654968398	Marionette	DEBUG	[4294967297] Received DOM event pagehide for about:blank
JavaScript error: https://ss1.bdstatic.com/5eN1bjq8AAUYm2zgoY3K/r/www/cache/static/protocol/https/plugins/every_cookie_mac_82990d4.js, line 4: ReferenceError: c is not defined
1539654968959	Marionette	DEBUG	[4294967297] Received DOM event DOMContentLoaded for https://www.baidu.com/
2018-10-16 09:56:09.032 plugin-container[51387:1696496] *** CFMessagePort: bootstrap_register(): failed 1100 (0x44c) 'Permission denied', port = 0x7b3f, name = 'com.apple.tsm.portname'
See /usr/include/servers/bootstrap_defs.h for the error codes.
1539654969073	Marionette	DEBUG	[4294967297] Received DOM event pageshow for https://www.baidu.com/
JavaScript error: https://sp0.baidu.com/5a1Fazu8AA54nxGko9WTAnF6hhy/su?wd=python&json=1&p=3&sid=1468_21079_20928&csor=6&pwd=pytho&cb=jQuery110205087876458650066_1539654968745&_=1539654968752, line 1: TypeError: jQuery110205087876458650066_1539654968745 is not a function
JavaScript error: https://sp0.baidu.com/5a1Fazu8AA54nxGko9WTAnF6hhy/su?wd=pytho&json=1&p=3&sid=1468_21079_20928&csor=5&pwd=pyth&cb=jQuery110205087876458650066_1539654968745&_=1539654968751, line 1: TypeError: jQuery110205087876458650066_1539654968745 is not a function
JavaScript error: https://sp0.baidu.com/5a1Fazu8AA54nxGko9WTAnF6hhy/su?wd=p&json=1&p=3&sid=1468_21079_20928&csor=1&cb=jQuery110205087876458650066_1539654968745&_=1539654968747, line 1: TypeError: jQuery110205087876458650066_1539654968745 is not a function
JavaScript error: https://sp0.baidu.com/5a1Fazu8AA54nxGko9WTAnF6hhy/su?wd=pyth&json=1&p=3&sid=1468_21079_20928&csor=4&pwd=pyt&cb=jQuery110205087876458650066_1539654968745&_=1539654968750, line 1: TypeError: jQuery110205087876458650066_1539654968745 is not a function
JavaScript error: https://sp0.baidu.com/5a1Fazu8AA54nxGko9WTAnF6hhy/su?wd=pyt&json=1&p=3&sid=1468_21079_20928&csor=3&pwd=py&cb=jQuery110205087876458650066_1539654968745&_=1539654968749, line 1: TypeError: jQuery110205087876458650066_1539654968745 is not a function
JavaScript error: https://sp0.baidu.com/5a1Fazu8AA54nxGko9WTAnF6hhy/su?wd=py&json=1&p=3&sid=1468_21079_20928&csor=2&pwd=p&cb=jQuery110205087876458650066_1539654968745&_=1539654968748, line 1: TypeError: jQuery110205087876458650066_1539654968745 is not a function
1539654969371	Marionette	DEBUG	[4294967297] Canceled page load listener because no navigation has been detected
1539655035695	Marionette	INFO	Stopped listening on port 62555
1539655037692	addons.productaddons	WARN	Failed downloading via XHR, status: 0, reason: error
1539655037776	Marionette	INFO	Stopped listening on port 62750
1539655050914	Marionette	INFO	Stopped listening on port 63489
1539655051940	addons.productaddons	WARN	Failed downloading via XHR, status: 0, reason: error
1539655052022	Marionette	INFO	Stopped listening on port 63695
1539655053039	addons.productaddons	WARN	Failed downloading via XHR, status: 0, reason: error
1539655053116	Marionette	INFO	Stopped listening on port 64061
1539655054111	Marionette	INFO	Stopped listening on port 64200
1539655055310	Marionette	INFO	Stopped listening on port 64542
1539655058309	geckodriver	INFO	geckodriver 0.21.0
1539655058315	geckodriver	INFO	Listening on 127.0.0.1:65018
1539655059329	mozrunner::runner	INFO	Running command: "/Applications/Firefox.app/Contents/MacOS/firefox-bin" "-marionette" "-foreground" "-no-remote" "-profile" "/var/folders/bh/hq334_854q13ys6qxz8s0r7h0000gn/T/rust_mozprofile.uMs7SIhyFXwK"
2018-10-16 09:57:40.724 plugin-container[51418:1698192] *** CFMessagePort: bootstrap_register(): failed 1100 (0x44c) 'Permission denied', port = 0x813f, name = 'com.apple.tsm.portname'
See /usr/include/servers/bootstrap_defs.h for the error codes.
2018-10-16 09:57:40.983 plugin-container[51419:1698222] *** CFMessagePort: bootstrap_register(): failed 1100 (0x44c) 'Permission denied', port = 0x823f, name = 'com.apple.tsm.portname'
See /usr/include/servers/bootstrap_defs.h for the error codes.
1539655061259	Marionette	INFO	Listening on port 65033
1539655061284	Marionette	WARN	TLS certificate errors will be ignored for this session
1539655061326	Marionette	DEBUG	[4294967297] Frame script loaded
1539655061333	Marionette	DEBUG	[4294967297] Frame script registered
1539655061369	Marionette	DEBUG	[4294967297] Received DOM event beforeunload for about:blank
1539655061652	Marionette	DEBUG	[4294967297] Received DOM event pagehide for about:blank
2018-10-16 09:57:41.806 plugin-container[51420:1698351] *** CFMessagePort: bootstrap_register(): failed 1100 (0x44c) 'Permission denied', port = 0x713f, name = 'com.apple.tsm.portname'
See /usr/include/servers/bootstrap_defs.h for the error codes.
JavaScript error: https://ss1.bdstatic.com/5eN1bjq8AAUYm2zgoY3K/r/www/cache/static/protocol/https/plugins/every_cookie_mac_82990d4.js, line 4: ReferenceError: c is not defined
1539655062025	Marionette	DEBUG	[4294967297] Received DOM event DOMContentLoaded for https://www.baidu.com/
1539655062113	Marionette	DEBUG	[4294967297] Received DOM event pageshow for https://www.baidu.com/
JavaScript error: https://sp0.baidu.com/5a1Fazu8AA54nxGko9WTAnF6hhy/su?wd=pyt&json=1&p=3&sid=1420_21112_26350_22075&csor=3&pwd=py&cb=jQuery1102010597582267452943_1539655061912&_=1539655061916, line 1: TypeError: jQuery1102010597582267452943_1539655061912 is not a function
JavaScript error: https://sp0.baidu.com/5a1Fazu8AA54nxGko9WTAnF6hhy/su?wd=py&json=1&p=3&sid=1420_21112_26350_22075&csor=2&pwd=p&cb=jQuery1102010597582267452943_1539655061912&_=1539655061915, line 1: TypeError: jQuery1102010597582267452943_1539655061912 is not a function
JavaScript error: https://sp0.baidu.com/5a1Fazu8AA54nxGko9WTAnF6hhy/su?wd=p&json=1&p=3&sid=1420_21112_26350_22075&csor=1&cb=jQuery1102010597582267452943_1539655061912&_=1539655061914, line 1: TypeError: jQuery1102010597582267452943_1539655061912 is not a function
JavaScript error: https://sp0.baidu.com/5a1Fazu8AA54nxGko9WTAnF6hhy/su?wd=python&json=1&p=3&sid=1420_21112_26350_22075&csor=6&pwd=pytho&cb=jQuery1102010597582267452943_1539655061912&_=1539655061919, line 1: TypeError: jQuery1102010597582267452943_1539655061912 is not a function
JavaScript error: https://sp0.baidu.com/5a1Fazu8AA54nxGko9WTAnF6hhy/su?wd=pyth&json=1&p=3&sid=1420_21112_26350_22075&csor=4&pwd=pyt&cb=jQuery1102010597582267452943_1539655061912&_=1539655061917, line 1: TypeError: jQuery1102010597582267452943_1539655061912 is not a function
1539655062409	Marionette	DEBUG	[4294967297] Canceled page load listener because no navigation has been detected
1539655063084	Marionette	INFO	Stopped listening on port 65033
1539821231101	geckodriver	INFO	geckodriver 0.21.0
1539821231107	geckodriver	INFO	Listening on 127.0.0.1:49971
1539821232123	mozrunner::runner	INFO	Running command: "/Applications/Firefox.app/Contents/MacOS/firefox-bin" "-marionette" "headless" "-foreground" "-no-remote" "-profile" "/var/folders/bh/hq334_854q13ys6qxz8s0r7h0000gn/T/rust_mozprofile.eEsleCt5Gx2C"
2018-10-18 08:07:13.523 plugin-container[69168:2391564] *** CFMessagePort: bootstrap_register(): failed 1100 (0x44c) 'Permission denied', port = 0x7e3f, name = 'com.apple.tsm.portname'
See /usr/include/servers/bootstrap_defs.h for the error codes.
2018-10-18 08:07:13.780 plugin-container[69169:2391589] *** CFMessagePort: bootstrap_register(): failed 1100 (0x44c) 'Permission denied', port = 0x843b, name = 'com.apple.tsm.portname'
See /usr/include/servers/bootstrap_defs.h for the error codes.
1539821234086	Marionette	INFO	Listening on port 49982
1539821234185	Marionette	WARN	TLS certificate errors will be ignored for this session
1539821234223	Marionette	DEBUG	[4294967297] Frame script loaded
1539821234226	Marionette	DEBUG	[4294967297] Frame script registered
1539821234242	Marionette	DEBUG	[4294967297] Received DOM event beforeunload for about:blank
1539821234426	Marionette	DEBUG	[4294967297] Received DOM event pagehide for about:blank
2018-10-18 08:07:14.580 plugin-container[69171:2391704] *** CFMessagePort: bootstrap_register(): failed 1100 (0x44c) 'Permission denied', port = 0x783f, name = 'com.apple.tsm.portname'
See /usr/include/servers/bootstrap_defs.h for the error codes.
JavaScript error: https://ss1.bdstatic.com/5eN1bjq8AAUYm2zgoY3K/r/www/cache/static/protocol/https/plugins/every_cookie_mac_82990d4.js, line 4: ReferenceError: c is not defined
1539821234743	Marionette	DEBUG	[4294967297] Received DOM event DOMContentLoaded for https://www.baidu.com/
1539821234787	Marionette	DEBUG	[4294967297] Received DOM event pageshow for https://www.baidu.com/
JavaScript error: https://sp0.baidu.com/5a1Fazu8AA54nxGko9WTAnF6hhy/su?wd=p&json=1&p=3&sid=1455_21094_18560_26350&csor=1&cb=jQuery1102037188507600441556_1539821234574&_=1539821234576, line 1: TypeError: jQuery1102037188507600441556_1539821234574 is not a function
JavaScript error: https://sp0.baidu.com/5a1Fazu8AA54nxGko9WTAnF6hhy/su?wd=py&json=1&p=3&sid=1455_21094_18560_26350&csor=2&pwd=p&cb=jQuery1102037188507600441556_1539821234574&_=1539821234577, line 1: TypeError: jQuery1102037188507600441556_1539821234574 is not a function
JavaScript error: https://sp0.baidu.com/5a1Fazu8AA54nxGko9WTAnF6hhy/su?wd=pyt&json=1&p=3&sid=1455_21094_18560_26350&csor=3&pwd=py&cb=jQuery1102037188507600441556_1539821234574&_=1539821234578, line 1: TypeError: jQuery1102037188507600441556_1539821234574 is not a function
JavaScript error: https://sp0.baidu.com/5a1Fazu8AA54nxGko9WTAnF6hhy/su?wd=pyth&json=1&p=3&sid=1455_21094_18560_26350&csor=4&pwd=pyt&cb=jQuery1102037188507600441556_1539821234574&_=1539821234579, line 1: TypeError: jQuery1102037188507600441556_1539821234574 is not a function
JavaScript error: https://sp0.baidu.com/5a1Fazu8AA54nxGko9WTAnF6hhy/su?wd=pytho&json=1&p=3&sid=1455_21094_18560_26350&csor=5&pwd=pyth&cb=jQuery1102037188507600441556_1539821234574&_=1539821234580, line 1: TypeError: jQuery1102037188507600441556_1539821234574 is not a function
JavaScript error: https://sp0.baidu.com/5a1Fazu8AA54nxGko9WTAnF6hhy/su?wd=python&json=1&p=3&sid=1455_21094_18560_26350&csor=6&pwd=pytho&cb=jQuery1102037188507600441556_1539821234574&_=1539821234581, line 1: TypeError: jQuery1102037188507600441556_1539821234574 is not a function
1539821235076	Marionette	DEBUG	[4294967297] Canceled page load listener because no navigation has been detected
1539821236272	Marionette	INFO	Stopped listening on port 49982
1539821430906	geckodriver	INFO	geckodriver 0.21.0
1539821430913	geckodriver	INFO	Listening on 127.0.0.1:50313
1539821431925	mozrunner::runner	INFO	Running command: "/Applications/Firefox.app/Contents/MacOS/firefox-bin" "-marionette" "headless" "-foreground" "-no-remote" "-profile" "/var/folders/bh/hq334_854q13ys6qxz8s0r7h0000gn/T/rust_mozprofile.JhGCZ7OZ68TD"
2018-10-18 08:10:33.285 plugin-container[69246:2395588] *** CFMessagePort: bootstrap_register(): failed 1100 (0x44c) 'Permission denied', port = 0x873f, name = 'com.apple.tsm.portname'
See /usr/include/servers/bootstrap_defs.h for the error codes.
2018-10-18 08:10:33.540 plugin-container[69247:2395615] *** CFMessagePort: bootstrap_register(): failed 1100 (0x44c) 'Permission denied', port = 0x8603, name = 'com.apple.tsm.portname'
See /usr/include/servers/bootstrap_defs.h for the error codes.
1539821433868	Marionette	INFO	Listening on port 50324
1539821433888	Marionette	WARN	TLS certificate errors will be ignored for this session
1539821433927	Marionette	DEBUG	[4294967297] Frame script loaded
1539821433934	Marionette	DEBUG	[4294967297] Frame script registered
1539821433955	Marionette	DEBUG	[4294967297] Received DOM event beforeunload for about:blank
1539821434111	Marionette	DEBUG	[4294967297] Received DOM event pagehide for about:blank
JavaScript error: https://ss1.bdstatic.com/5eN1bjq8AAUYm2zgoY3K/r/www/cache/static/protocol/https/plugins/every_cookie_mac_82990d4.js, line 4: ReferenceError: c is not defined
1539821434427	Marionette	DEBUG	[4294967297] Received DOM event DOMContentLoaded for https://www.baidu.com/
2018-10-18 08:10:34.444 plugin-container[69249:2395738] *** CFMessagePort: bootstrap_register(): failed 1100 (0x44c) 'Permission denied', port = 0x6c43, name = 'com.apple.tsm.portname'
See /usr/include/servers/bootstrap_defs.h for the error codes.
1539821434521	Marionette	DEBUG	[4294967297] Received DOM event pageshow for https://www.baidu.com/
JavaScript error: https://sp0.baidu.com/5a1Fazu8AA54nxGko9WTAnF6hhy/su?wd=p&json=1&p=3&sid=26522_1463_21103&csor=1&cb=jQuery110204596946635799578_1539821434246&_=1539821434248, line 1: TypeError: jQuery110204596946635799578_1539821434246 is not a function
JavaScript error: https://sp0.baidu.com/5a1Fazu8AA54nxGko9WTAnF6hhy/su?wd=py&json=1&p=3&sid=26522_1463_21103&csor=2&pwd=p&cb=jQuery110204596946635799578_1539821434246&_=1539821434249, line 1: TypeError: jQuery110204596946635799578_1539821434246 is not a function
JavaScript error: https://sp0.baidu.com/5a1Fazu8AA54nxGko9WTAnF6hhy/su?wd=pyt&json=1&p=3&sid=26522_1463_21103&csor=3&pwd=py&cb=jQuery110204596946635799578_1539821434246&_=1539821434250, line 1: TypeError: jQuery110204596946635799578_1539821434246 is not a function
JavaScript error: https://sp0.baidu.com/5a1Fazu8AA54nxGko9WTAnF6hhy/su?wd=pyth&json=1&p=3&sid=26522_1463_21103&csor=4&pwd=pyt&cb=jQuery110204596946635799578_1539821434246&_=1539821434251, line 1: TypeError: jQuery110204596946635799578_1539821434246 is not a function
JavaScript error: https://sp0.baidu.com/5a1Fazu8AA54nxGko9WTAnF6hhy/su?wd=pytho&json=1&p=3&sid=26522_1463_21103&csor=5&pwd=pyth&cb=jQuery110204596946635799578_1539821434246&_=1539821434252, line 1: TypeError: jQuery110204596946635799578_1539821434246 is not a function
JavaScript error: https://sp0.baidu.com/5a1Fazu8AA54nxGko9WTAnF6hhy/su?wd=python&json=1&p=3&sid=26522_1463_21103&csor=6&pwd=pytho&cb=jQuery110204596946635799578_1539821434246&_=1539821434253, line 1: TypeError: jQuery110204596946635799578_1539821434246 is not a function
1539821434807	Marionette	DEBUG	[4294967297] Canceled page load listener because no navigation has been detected
1539821436016	Marionette	INFO	Stopped listening on port 50324
1539821475206	geckodriver	INFO	geckodriver 0.21.0
1539821475212	geckodriver	INFO	Listening on 127.0.0.1:50387
1539821476226	mozrunner::runner	INFO	Running command: "/Applications/Firefox.app/Contents/MacOS/firefox-bin" "-marionette" "headless" "-foreground" "-no-remote" "-profile" "/var/folders/bh/hq334_854q13ys6qxz8s0r7h0000gn/T/rust_mozprofile.At2jbp3flwHV"
2018-10-18 08:11:17.801 plugin-container[69272:2396425] *** CFMessagePort: bootstrap_register(): failed 1100 (0x44c) 'Permission denied', port = 0x7b43, name = 'com.apple.tsm.portname'
See /usr/include/servers/bootstrap_defs.h for the error codes.
2018-10-18 08:11:17.990 plugin-container[69273:2396452] *** CFMessagePort: bootstrap_register(): failed 1100 (0x44c) 'Permission denied', port = 0x813f, name = 'com.apple.tsm.portname'
See /usr/include/servers/bootstrap_defs.h for the error codes.
1539821478298	Marionette	INFO	Listening on port 50399
1539821478397	Marionette	WARN	TLS certificate errors will be ignored for this session
1539821478436	Marionette	DEBUG	[4294967297] Frame script loaded
1539821478441	Marionette	DEBUG	[4294967297] Frame script registered
1539821478463	Marionette	DEBUG	[4294967297] Received DOM event beforeunload for about:blank
2018-10-18 08:11:18.801 plugin-container[69274:2396567] *** CFMessagePort: bootstrap_register(): failed 1100 (0x44c) 'Permission denied', port = 0x723f, name = 'com.apple.tsm.portname'
See /usr/include/servers/bootstrap_defs.h for the error codes.
1539821478929	Marionette	DEBUG	[4294967297] Received DOM event pagehide for about:blank
JavaScript error: https://ss1.bdstatic.com/5eN1bjq8AAUYm2zgoY3K/r/www/cache/static/protocol/https/plugins/every_cookie_mac_82990d4.js, line 4: ReferenceError: c is not defined
1539821479192	Marionette	DEBUG	[4294967297] Received DOM event DOMContentLoaded for https://www.baidu.com/
1539821479236	Marionette	DEBUG	[4294967297] Received DOM event pageshow for https://www.baidu.com/
JavaScript error: https://sp0.baidu.com/5a1Fazu8AA54nxGko9WTAnF6hhy/su?wd=p&json=1&p=3&sid=26524_1466_21090_20718&csor=1&cb=jQuery110209290065259992754_1539821479092&_=1539821479094, line 1: TypeError: jQuery110209290065259992754_1539821479092 is not a function
JavaScript error: https://sp0.baidu.com/5a1Fazu8AA54nxGko9WTAnF6hhy/su?wd=pyth&json=1&p=3&sid=26524_1466_21090_20718&csor=4&pwd=pyt&cb=jQuery110209290065259992754_1539821479092&_=1539821479097, line 1: TypeError: jQuery110209290065259992754_1539821479092 is not a function
JavaScript error: https://sp0.baidu.com/5a1Fazu8AA54nxGko9WTAnF6hhy/su?wd=python&json=1&p=3&sid=26524_1466_21090_20718&csor=6&pwd=pytho&cb=jQuery110209290065259992754_1539821479092&_=1539821479099, line 1: TypeError: jQuery110209290065259992754_1539821479092 is not a function
JavaScript error: https://sp0.baidu.com/5a1Fazu8AA54nxGko9WTAnF6hhy/su?wd=pytho&json=1&p=3&sid=26524_1466_21090_20718&csor=5&pwd=pyth&cb=jQuery110209290065259992754_1539821479092&_=1539821479098, line 1: TypeError: jQuery110209290065259992754_1539821479092 is not a function
1539821479532	Marionette	DEBUG	[4294967297] Canceled page load listener because no navigation has been detected
JavaScript error: https://sp0.baidu.com/5a1Fazu8AA54nxGko9WTAnF6hhy/su?wd=py&json=1&p=3&sid=26524_1466_21090_20718&csor=2&pwd=p&cb=jQuery110209290065259992754_1539821479092&_=1539821479095, line 1: TypeError: jQuery110209290065259992754_1539821479092 is not a function
JavaScript error: https://sp0.baidu.com/5a1Fazu8AA54nxGko9WTAnF6hhy/su?wd=pyt&json=1&p=3&sid=26524_1466_21090_20718&csor=3&pwd=py&cb=jQuery110209290065259992754_1539821479092&_=1539821479096, line 1: TypeError: jQuery110209290065259992754_1539821479092 is not a function
1539821485574	Marionette	INFO	Stopped listening on port 50399
1539821607261	geckodriver	INFO	geckodriver 0.21.0
1539821607268	geckodriver	INFO	Listening on 127.0.0.1:50615
1539821608284	mozrunner::runner	INFO	Running command: "/Applications/Firefox.app/Contents/MacOS/firefox-bin" "-marionette" "-foreground" "-no-remote" "-profile" "/var/folders/bh/hq334_854q13ys6qxz8s0r7h0000gn/T/rust_mozprofile.YTi4QsEu6X53"
2018-10-18 08:13:29.833 plugin-container[69468:2399402] *** CFMessagePort: bootstrap_register(): failed 1100 (0x44c) 'Permission denied', port = 0x7f03, name = 'com.apple.tsm.portname'
See /usr/include/servers/bootstrap_defs.h for the error codes.
2018-10-18 08:13:30.090 plugin-container[69469:2399429] *** CFMessagePort: bootstrap_register(): failed 1100 (0x44c) 'Permission denied', port = 0x7907, name = 'com.apple.tsm.portname'
See /usr/include/servers/bootstrap_defs.h for the error codes.
1539821610421	Marionette	INFO	Listening on port 50626
1539821610444	Marionette	WARN	TLS certificate errors will be ignored for this session
1539821610482	Marionette	DEBUG	[4294967297] Frame script loaded
1539821610483	Marionette	DEBUG	[4294967297] Frame script registered
1539821610502	Marionette	DEBUG	[4294967297] Received DOM event beforeunload for about:blank
1539821610791	Marionette	DEBUG	[4294967297] Received DOM event pagehide for about:blank
2018-10-18 08:13:30.882 plugin-container[69470:2399543] *** CFMessagePort: bootstrap_register(): failed 1100 (0x44c) 'Permission denied', port = 0x8603, name = 'com.apple.tsm.portname'
See /usr/include/servers/bootstrap_defs.h for the error codes.
JavaScript error: https://ss1.bdstatic.com/5eN1bjq8AAUYm2zgoY3K/r/www/cache/static/protocol/https/plugins/every_cookie_mac_82990d4.js, line 4: ReferenceError: c is not defined
1539821611077	Marionette	DEBUG	[4294967297] Received DOM event DOMContentLoaded for https://www.baidu.com/
1539821611127	Marionette	DEBUG	[4294967297] Received DOM event pageshow for https://www.baidu.com/
JavaScript error: https://sp0.baidu.com/5a1Fazu8AA54nxGko9WTAnF6hhy/su?wd=py&json=1&p=3&sid=1443_21118_26350_20929&csor=2&pwd=p&cb=jQuery110203268079845487064_1539821610930&_=1539821610933, line 1: TypeError: jQuery110203268079845487064_1539821610930 is not a function
JavaScript error: https://sp0.baidu.com/5a1Fazu8AA54nxGko9WTAnF6hhy/su?wd=p&json=1&p=3&sid=1443_21118_26350_20929&csor=1&cb=jQuery110203268079845487064_1539821610930&_=1539821610932, line 1: TypeError: jQuery110203268079845487064_1539821610930 is not a function
JavaScript error: https://sp0.baidu.com/5a1Fazu8AA54nxGko9WTAnF6hhy/su?wd=pytho&json=1&p=3&sid=1443_21118_26350_20929&csor=5&pwd=pyth&cb=jQuery110203268079845487064_1539821610930&_=1539821610936, line 1: TypeError: jQuery110203268079845487064_1539821610930 is not a function
JavaScript error: https://sp0.baidu.com/5a1Fazu8AA54nxGko9WTAnF6hhy/su?wd=pyt&json=1&p=3&sid=1443_21118_26350_20929&csor=3&pwd=py&cb=jQuery110203268079845487064_1539821610930&_=1539821610934, line 1: TypeError: jQuery110203268079845487064_1539821610930 is not a function
JavaScript error: https://sp0.baidu.com/5a1Fazu8AA54nxGko9WTAnF6hhy/su?wd=python&json=1&p=3&sid=1443_21118_26350_20929&csor=6&pwd=pytho&cb=jQuery110203268079845487064_1539821610930&_=1539821610937, line 1: TypeError: jQuery110203268079845487064_1539821610930 is not a function
JavaScript error: https://sp0.baidu.com/5a1Fazu8AA54nxGko9WTAnF6hhy/su?wd=pyth&json=1&p=3&sid=1443_21118_26350_20929&csor=4&pwd=pyt&cb=jQuery110203268079845487064_1539821610930&_=1539821610935, line 1: TypeError: jQuery110203268079845487064_1539821610930 is not a function
1539821611415	Marionette	DEBUG	[4294967297] Canceled page load listener because no navigation has been detected
1539821612640	Marionette	INFO	Stopped listening on port 50626
